<?xml version="1.0" encoding="UTF-8"?>
<!-- Generated by org.testng.reporters.JUnitReportReporter -->
<testsuite hostname="DESKTOP-A7GJ5DU" failures="0" tests="1" name="atTestCases.TC003_at_LogoutTest" time="6.941" errors="0" timestamp="2024-12-03T13:19:40 IST" skipped="0">
  <testcase classname="atTestCases.TC003_at_LogoutTest" name="logoutTest" time="6.941"/>
</testsuite> <!-- atTestCases.TC003_at_LogoutTest -->
