<?xml version="1.0" encoding="UTF-8"?>
<!-- Generated by org.testng.reporters.JUnitReportReporter -->
<testsuite hostname="DESKTOP-A7GJ5DU" failures="0" tests="1" name="atTestCases.TC005_at_SliderFilterProductPriceMatchTest" time="12.110" errors="0" timestamp="2024-12-04T15:22:11 IST" skipped="0">
  <testcase classname="atTestCases.TC005_at_SliderFilterProductPriceMatchTest" name="productFilteration_UsingSliderTest" time="12.110"/>
</testsuite> <!-- atTestCases.TC005_at_SliderFilterProductPriceMatchTest -->
