<?xml version="1.0" encoding="UTF-8"?>
<!-- Generated by org.testng.reporters.JUnitReportReporter -->
<testsuite hostname="DESKTOP-A7GJ5DU" failures="0" tests="1" name="atTestCases.TC002_at_AccountLoginTest" time="5.030" errors="0" timestamp="2024-12-02T20:34:11 IST" skipped="0">
  <testcase classname="atTestCases.TC002_at_AccountLoginTest" name="accountLoginVerification" time="5.030"/>
</testsuite> <!-- atTestCases.TC002_at_AccountLoginTest -->
