<?xml version="1.0" encoding="UTF-8"?>
<!-- Generated by org.testng.reporters.JUnitReportReporter -->
<testsuite hostname="DESKTOP-A7GJ5DU" failures="0" tests="1" name="atTestCases.TC004_at_Filter_PriceSliderTest" time="8.327" errors="0" timestamp="2024-12-04T13:21:07 IST" skipped="0">
  <testcase classname="atTestCases.TC004_at_Filter_PriceSliderTest" name="priceSliderTest" time="8.327"/>
</testsuite> <!-- atTestCases.TC004_at_Filter_PriceSliderTest -->
