<?xml version="1.0" encoding="UTF-8"?>
<!-- Generated by org.testng.reporters.JUnitReportReporter -->
<testsuite hostname="DESKTOP-A7GJ5DU" failures="0" tests="1" name="atTestCases.TC001_at_AccountRegistrationTest" time="6.989" errors="0" timestamp="2024-12-02T10:34:02 IST" skipped="0">
  <testcase classname="atTestCases.TC001_at_AccountRegistrationTest" name="accountRegistration" time="6.989"/>
</testsuite> <!-- atTestCases.TC001_at_AccountRegistrationTest -->
